<?xml version="1.0" encoding="UTF-8"?>
<testsuite name="edu.sdsu.cs160l.assignment.StudentMetricProcessorTest" tests="5" skipped="0" failures="0" errors="0" timestamp="2025-12-03T03:35:56.335Z" hostname="VINCENTS_LAPTOP" time="0.047">
  <properties/>
  <testcase name="studentRedIdsWithScoreBetweenAndInclusiveOf3point0and3point5()" classname="edu.sdsu.cs160l.assignment.StudentMetricProcessorTest" time="0.022"/>
  <testcase name="studentsWithPerfectGpa()" classname="edu.sdsu.cs160l.assignment.StudentMetricProcessorTest" time="0.003"/>
  <testcase name="countOfStudentsWithGpaBetweenAndInclusiveOf2point85and3point0()" classname="edu.sdsu.cs160l.assignment.StudentMetricProcessorTest" time="0.003"/>
  <testcase name="studentWithGpaBelow2point85()" classname="edu.sdsu.cs160l.assignment.StudentMetricProcessorTest" time="0.006"/>
  <testcase name="studentNames()" classname="edu.sdsu.cs160l.assignment.StudentMetricProcessorTest" time="0.003"/>
  <system-out><![CDATA[]]></system-out>
  <system-err><![CDATA[]]></system-err>
</testsuite>
