<?xml version="1.0" encoding="UTF-8"?>
<testsuite name="edu.sdsu.cs160l.CustomHashMap.CustomHashMapTest" tests="6" skipped="0" failures="0" errors="0" timestamp="2025-12-04T00:38:23.672Z" hostname="VINCENTS_LAPTOP" time="0.135">
  <properties/>
  <testcase name="testUpdateExistingKey()" classname="edu.sdsu.cs160l.CustomHashMap.CustomHashMapTest" time="0.07"/>
  <testcase name="testCollisionHandling()" classname="edu.sdsu.cs160l.CustomHashMap.CustomHashMapTest" time="0.005"/>
  <testcase name="testPutAndGet()" classname="edu.sdsu.cs160l.CustomHashMap.CustomHashMapTest" time="0.008"/>
  <testcase name="testCapacityIncrease()" classname="edu.sdsu.cs160l.CustomHashMap.CustomHashMapTest" time="0.006"/>
  <testcase name="testRemoveNonExistentKey()" classname="edu.sdsu.cs160l.CustomHashMap.CustomHashMapTest" time="0.004"/>
  <testcase name="testRemove()" classname="edu.sdsu.cs160l.CustomHashMap.CustomHashMapTest" time="0.001"/>
  <system-out><![CDATA[]]></system-out>
  <system-err><![CDATA[]]></system-err>
</testsuite>
